>>> Step 1: Setting up environment...
载入需要的程序包：readstata13
Package already installed: readstata13
载入需要的程序包：Matrix
Package already installed: Matrix
载入需要的程序包：gamlr
Package already installed: gamlr
载入需要的程序包：dplyr

载入程序包：'dplyr'

The following objects are masked from 'package:stats':

    filter, lag

The following objects are masked from 'package:base':

    intersect, setdiff, setequal, union

Package already installed: dplyr
载入需要的程序包：vtable
载入需要的程序包：kableExtra

载入程序包：'kableExtra'

The following object is masked from 'package:dplyr':

    group_rows

Package already installed: vtable
载入需要的程序包：ranger
Package already installed: ranger
载入需要的程序包：ggplot2
Package already installed: ggplot2
载入需要的程序包：stargazer

Please cite as: 

 Hlavac, Marek (2022). stargazer: Well-Formatted Regression and Summary Statistics Tables.
 R package version 5.2.3. https://CRAN.R-project.org/package=stargazer 

Package already installed: stargazer
Package already installed: kableExtra
载入需要的程序包：knitr
Package already installed: knitr
Setup complete.
警告信息:
1: 程序包'readstata13'是用R版本4.4.3 来建造的 
2: 程序包'gamlr'是用R版本4.4.3 来建造的 
3: 程序包'vtable'是用R版本4.4.3 来建造的 
4: 程序包'kableExtra'是用R版本4.4.3 来建造的 
5: 程序包'ranger'是用R版本4.4.3 来建造的 
>>> Running script: China village insurance take up.r ...
'data.frame':	4166 obs. of  50 variables:
 $ id                       : int  1111031 1111036 1111038 1111040 1111041 1111049 1111050 1111053 1111125 1111126 ...
 $ region                   : int  1 1 1 1 1 1 1 1 1 1 ...
 $ takeup_survey            : int  0 0 1 1 0 1 1 0 1 1 ...
 $ age                      : int  54 56 61 40 63 74 41 71 59 51 ...
 $ agpop                    : num  4 6 13 4 3 2 4 14 7 7 ...
 $ educ                     : int  0 1 1 2 1 0 3 0 0 1 ...
 $ rice_inc                 : int  100 90 30 100 70 70 60 20 80 30 ...
 $ ricearea_2010            : num  10 13 4 30 2 4.27 25 2.3 4 10 ...
 $ insurance_repay          : int  1 1 0 1 0 0 1 0 1 0 ...
 $ insurance_buy            : int  0 0 0 0 0 1 1 0 1 0 ...
 $ disaster_prob            : num  20 40 50 20 30 50 20 30 20 20 ...
 $ general_trust            : int  0 0 0 0 1 1 0 0 0 1 ...
 $ male                     : num  1 1 1 1 1 1 1 1 1 1 ...
 $ default                  : int  1 1 1 1 1 1 1 1 1 1 ...
 $ delay                    : num  1 0 1 1 1 0 1 0 1 0 ...
 $ intensive                : num  0 0 1 1 1 1 1 0 1 1 ...
 $ info_takeup_rate         : num  0 0 0 0 1 0 1 0 0 0 ...
 $ info_takeup_list         : num  0 0 0 1 0 0 0 0 0 0 ...
 $ info_none                : num  1 1 1 0 0 1 0 1 1 1 ...
 $ understanding            : num  0 0.2 0.8 0.6 0 ...
 $ day                      : num  3 3 3 3 3 1 3 1 3 1 ...
 $ risk_averse              : num  0 0 0 0.2 0 ...
 $ literacy                 : num  0 1 1 1 1 0 1 0 0 1 ...
 $ educ_good                : num  0 0 0 1 0 0 1 0 0 0 ...
 $ disaster_yes             : num  1 0 0 1 0 0 1 1 0 1 ...
 $ address                  : int  52 52 52 52 52 52 52 52 53 53 ...
 $ village                  : int  12 12 12 12 12 12 12 12 12 12 ...
 $ network_obs              : num  5 1 5 5 5 4 5 4 5 4 ...
 $ network_rate_preintensive: num  0 0 0 0 0 0.25 0 0.75 0 0.25 ...
 $ network_rate_presession  : num  0 0 0 0.4 0.2 ...
 $ network_rate_presimple   : num  0 0 0 0.4 0.2 ...
 $ network_onlyone          : num  0 0 0 0 0 1 0 0 0 1 ...
 $ network_onlytwo          : num  0 0 0 0 0 0 0 0 0 0 ...
 $ network_twomore          : num  0 0 0 0 0 0 0 1 0 0 ...
 $ network_yes              : num  0 0 0 0 0 1 0 1 0 1 ...
 $ network_twoside          : num  0 0 0 0 0 0 0 0 0 0.25 ...
 $ secondnet_obs            : num  14 4 13 13 8 5 12 7 12 13 ...
 $ network_second           : num  0.214 0 0.231 0.231 0.25 ...
 $ mean_allnetindegree      : num  4 7 4.5 3.2 3 ...
 $ mean_1steduc_indegree    : num  0 0 0 0 0 0 0 1.5 0 2 ...
 $ mean_allnetpath_out_ind  : num  2.64 2.7 2.55 2.78 2.73 ...
 $ mean_1steduc_path_out_ind: num  0 0 0 0 0 ...
 $ mean_allnetpath_in_ind   : num  2.51 1.92 2.23 2.65 2.46 ...
 $ mean_1steduc_path_in_ind : num  0 0 0 0 0 ...
 $ mean_allneteigenvector   : num  0.1811 0 0.1571 0.0945 0.2408 ...
 $ mean_1steduc_eigenvector : num  0 0 0 0 0 ...
 $ eigenvector              : num  0 0.115 0.293 0.277 0 ...
 $ indegree                 : num  2 2 4 1 7 2 4 3 2 3 ...
 $ path_in_ind              : num  2.85 2.69 2.15 3.69 1.92 ...
 $ path_out_ind             : num  1.6 3.6 2.2 1.5 2.7 ...

% Table created by stargazer v.5.2.3 by Marek Hlavac, Social Policy Institute. E-mail: marek.hlavac at gmail.com
% Date and time: 周三, 1月 28, 2026 - 18:16:32
\begin{table}[!htbp] \centering 
  \caption{} 
  \label{} 
\scriptsize 
\begin{tabular}{@{\extracolsep{0.01pt}}lccc} 
\\[-1.8ex]\hline 
\hline \\[-1.8ex] 
 & \multicolumn{3}{c}{\textit{Dependent variable:}} \\ 
\cline{2-4} 
\\[-1.8ex] & \multicolumn{3}{c}{understanding} \\ 
\\[-1.8ex] & (1) & (2) & (3)\\ 
\hline \\[-1.8ex] 
 day & 0.001$^{**}$ (0.0004) & 0.001 (0.001) & 0.001 (0.001) \\ 
  region)2 &  & 0.054 (0.034) & 0.033 (0.068) \\ 
  region)3 &  & $-$0.134 (0.122) & $-$0.205 (0.137) \\ 
  risk\_averse &  &  & 0.065$^{***}$ (0.019) \\ 
  insurance\_repay &  &  & $-$0.058$^{***}$ (0.013) \\ 
  age &  &  & $-$0.001$^{*}$ (0.001) \\ 
  educ &  &  & 0.055$^{***}$ (0.008) \\ 
  region)2 &  & $-$0.002$^{*}$ (0.001) & $-$0.001 (0.001) \\ 
  region)3 &  & 0.004 (0.004) & 0.007$^{*}$ (0.003) \\ 
  risk\_averse &  &  & $-$0.008 (0.036) \\ 
  risk\_averse &  &  & $-$0.038 (0.042) \\ 
  insurance\_repay &  &  & 0.051$^{**}$ (0.022) \\ 
  insurance\_repay &  &  & 0.070$^{***}$ (0.025) \\ 
  age &  &  & $-$0.001 (0.001) \\ 
  age &  &  & $-$0.0005 (0.001) \\ 
  educ &  &  & 0.022 (0.013) \\ 
  educ &  &  & 0.003 (0.015) \\ 
  Constant & 0.421$^{***}$ (0.010) & 0.416$^{***}$ (0.013) & 0.425$^{***}$ (0.037) \\ 
 \hline \\[-1.8ex] 
Observations & 4,166 & 4,166 & 4,166 \\ 
Log Likelihood & $-$825.061 & $-$820.640 & $-$705.319 \\ 
Akaike Inf. Crit. & 1,654.121 & 1,653.281 & 1,446.638 \\ 
\hline 
\hline \\[-1.8ex] 
\textit{Note:}  & \multicolumn{3}{r}{$^{*}$p$<$0.1; $^{**}$p$<$0.05; $^{***}$p$<$0.01} \\ 
\end{tabular} 
\end{table} 

=============================================
                      Dependent variable:    
                  ---------------------------
                         understanding       
---------------------------------------------
day                         0.001**          
                           (0.0004)          
                                             
Constant                   0.421***          
                            (0.010)          
                                             
---------------------------------------------
Observations                 4,166           
Log Likelihood             -825.061          
Akaike Inf. Crit.          1,654.121         
=============================================
Note:             *p<0.1; **p<0.05; ***p<0.01
\begin{table}[!htbp] \centering \renewcommand*{\arraystretch}{1.1}\caption{Summary Statistics}\resizebox{\textwidth}{!}{
\begin{tabular}{lrrrrrrrrrrrr}
\hline
\hline
region & \multicolumn{4}{c}{1} & \multicolumn{4}{c}{2} & \multicolumn{4}{c}{3}  \\ 
 Variable & \multicolumn{1}{c}{Mean} & \multicolumn{1}{c}{Median} & \multicolumn{1}{c}{Max} & \multicolumn{1}{c}{Min} & \multicolumn{1}{c}{Mean} & \multicolumn{1}{c}{Median} & \multicolumn{1}{c}{Max} & \multicolumn{1}{c}{Min} & \multicolumn{1}{c}{Mean} & \multicolumn{1}{c}{Median} & \multicolumn{1}{c}{Max} & \multicolumn{1}{c}{Min} \\ 
\hline
day & 14 & 14 & 25 & 1 & 28 & 25 & 51 & 18 & 35 & 34 & 40 & 29 \\ 
risk\_averse & 0.17 & 0 & 1 & 0 & 0.17 & 0 & 1 & 0 & 0.14 & 0 & 1 & 0 \\ 
insurance\_repay & 0.31 & 0 & 1 & 0 & 0.53 & 1 & 1 & 0 & 0.48 & 0 & 1 & 0 \\ 
age & 52 & 52 & 88 & 20 & 48 & 46 & 83 & 19 & 50 & 49 & 82 & 20 \\ 
educ & 1.2 & 1 & 4 & 0 & 1.3 & 1 & 4 & 0 & 1.2 & 1 & 4 & 0 \\ 
understanding & 0.43 & 0.4 & 1 & 0 & 0.44 & 0.4 & 1 & 0 & 0.47 & 0.4 & 1 & 0\\ 
\hline
\hline
\end{tabular}
}
\end{table}
>>> Error running script:
只有负下标里才能有零
>>> Running script: Test.r ...
'data.frame':	4248 obs. of  27 variables:
 $ id              : int  3331046 3331052 3331047 3331065 3331049 3331045 3331068 3331041 3331042 3331059 ...
 $ region          : int  3 3 3 3 3 3 3 3 3 3 ...
 $ takeup_survey   : int  0 0 0 1 1 1 1 1 1 1 ...
 $ age             : int  53 59 59 45 59 63 59 36 49 51 ...
 $ agpop           : num  5 7 5 2 4 3 7 5 4 7 ...
 $ educ            : int  0 2 1 1 1 2 0 2 2 1 ...
 $ rice_inc        : int  30 100 100 100 100 100 100 100 100 100 ...
 $ ricearea_2010   : num  15 20 10 2 10 22 19 70 21 150 ...
 $ insurance_repay : int  1 1 0 0 1 1 0 1 0 1 ...
 $ insurance_buy   : int  1 0 0 1 0 0 0 1 1 1 ...
 $ disaster_prob   : num  20 50 50 20 40 10 50 50 20 20 ...
 $ general_trust   : int  1 1 1 1 1 1 1 0 1 0 ...
 $ male            : num  1 1 1 1 1 1 0 1 1 1 ...
 $ default         : int  1 1 1 1 1 1 1 1 1 1 ...
 $ delay           : num  0 0 0 0 0 0 0 0 0 0 ...
 $ intensive       : num  0 0 1 1 0 1 0 0 1 0 ...
 $ info_takeup_rate: num  0 0 0 0 0 0 0 0 0 0 ...
 $ info_takeup_list: num  0 0 0 0 0 0 0 0 0 0 ...
 $ info_none       : num  1 1 1 1 1 1 1 1 1 1 ...
 $ understanding   : num  0.4 0.2 0.8 0 0.6 ...
 $ day             : num  30 30 30 30 30 30 30 30 30 30 ...
 $ risk_averse     : num  0 0 0 0 0 ...
 $ literacy        : num  0 1 1 1 1 1 0 1 1 1 ...
 $ educ_good       : num  0 1 0 0 0 1 0 1 1 0 ...
 $ disaster_yes    : num  1 1 0 1 1 1 1 1 1 1 ...
 $ address         : int  2 2 2 2 2 2 2 2 2 2 ...
 $ village         : int  1 1 1 1 1 1 1 1 1 1 ...
 - attr(*, "na.action")= 'omit' Named int [1:654] 14 18 26 45 47 49 55 64 66 72 ...
  ..- attr(*, "names")= chr [1:654] "14" "18" "26" "45" ...

% Table created by stargazer v.5.2.3 by Marek Hlavac, Social Policy Institute. E-mail: marek.hlavac at gmail.com
% Date and time: 周三, 1月 28, 2026 - 18:16:34
\begin{table}[!htbp] \centering 
  \caption{} 
  \label{} 
\scriptsize 
\begin{tabular}{@{\extracolsep{0.01pt}}lccc} 
\\[-1.8ex]\hline 
\hline \\[-1.8ex] 
 & \multicolumn{3}{c}{\textit{Dependent variable:}} \\ 
\cline{2-4} 
\\[-1.8ex] & \multicolumn{3}{c}{understanding} \\ 
\\[-1.8ex] & (1) & (2) & (3)\\ 
\hline \\[-1.8ex] 
 day & 0.001$^{***}$ (0.0004) & 0.001 (0.001) & 0.0003 (0.001) \\ 
  region)2 &  & 0.052 (0.033) & 0.039 (0.067) \\ 
  region)3 &  & $-$0.163 (0.121) & $-$0.215 (0.136) \\ 
  risk\_averse &  &  & 0.068$^{***}$ (0.019) \\ 
  insurance\_repay &  &  & $-$0.057$^{***}$ (0.013) \\ 
  age &  &  & $-$0.001$^{**}$ (0.001) \\ 
  educ &  &  & 0.055$^{***}$ (0.008) \\ 
  region)2 &  & $-$0.002 (0.001) & $-$0.001 (0.001) \\ 
  region)3 &  & 0.005 (0.004) & 0.007$^{**}$ (0.003) \\ 
  risk\_averse &  &  & 0.003 (0.036) \\ 
  risk\_averse &  &  & $-$0.045 (0.042) \\ 
  insurance\_repay &  &  & 0.054$^{**}$ (0.022) \\ 
  insurance\_repay &  &  & 0.065$^{***}$ (0.025) \\ 
  age &  &  & $-$0.001 (0.001) \\ 
  age &  &  & $-$0.001 (0.001) \\ 
  educ &  &  & 0.021 (0.013) \\ 
  educ &  &  & 0.002 (0.015) \\ 
  Constant & 0.421$^{***}$ (0.010) & 0.418$^{***}$ (0.013) & 0.429$^{***}$ (0.037) \\ 
 \hline \\[-1.8ex] 
Observations & 4,248 & 4,248 & 4,248 \\ 
Log Likelihood & $-$850.576 & $-$846.142 & $-$725.829 \\ 
Akaike Inf. Crit. & 1,705.152 & 1,704.285 & 1,487.657 \\ 
\hline 
\hline \\[-1.8ex] 
\textit{Note:}  & \multicolumn{3}{r}{$^{*}$p$<$0.1; $^{**}$p$<$0.05; $^{***}$p$<$0.01} \\ 
\end{tabular} 
\end{table} 
\begin{table}[!htbp] \centering \renewcommand*{\arraystretch}{1.1}\caption{Summary Statistics}\resizebox{\textwidth}{!}{
\begin{tabular}{lrrrrrrrrrrrr}
\hline
\hline
region & \multicolumn{4}{c}{1} & \multicolumn{4}{c}{2} & \multicolumn{4}{c}{3}  \\ 
 Variable & \multicolumn{1}{c}{Mean} & \multicolumn{1}{c}{Median} & \multicolumn{1}{c}{Max} & \multicolumn{1}{c}{Min} & \multicolumn{1}{c}{Mean} & \multicolumn{1}{c}{Median} & \multicolumn{1}{c}{Max} & \multicolumn{1}{c}{Min} & \multicolumn{1}{c}{Mean} & \multicolumn{1}{c}{Median} & \multicolumn{1}{c}{Max} & \multicolumn{1}{c}{Min} \\ 
\hline
day & 14 & 13 & 25 & 1 & 28 & 25 & 51 & 18 & 35 & 34 & 40 & 29 \\ 
risk\_averse & 0.17 & 0 & 1 & 0 & 0.17 & 0 & 1 & 0 & 0.15 & 0 & 1 & 0 \\ 
insurance\_repay & 0.31 & 0 & 1 & 0 & 0.53 & 1 & 1 & 0 & 0.48 & 0 & 1 & 0 \\ 
age & 52 & 52 & 88 & 20 & 48 & 46 & 83 & 19 & 50 & 49 & 82 & 20 \\ 
educ & 1.2 & 1 & 4 & 0 & 1.3 & 1 & 4 & 0 & 1.2 & 1 & 4 & 0 \\ 
understanding & 0.43 & 0.4 & 1 & 0 & 0.44 & 0.4 & 1 & 0 & 0.47 & 0.4 & 1 & 0\\ 
\hline
\hline
\end{tabular}
}
\end{table}
'data.frame':	4248 obs. of  26 variables:
 $ region          : Factor w/ 3 levels "1","2","3": 3 3 3 3 3 3 3 3 3 3 ...
 $ takeup_survey   : int  0 0 0 1 1 1 1 1 1 1 ...
 $ age             : int  53 59 59 45 59 63 59 36 49 51 ...
 $ agpop           : num  5 7 5 2 4 3 7 5 4 7 ...
 $ educ            : int  0 2 1 1 1 2 0 2 2 1 ...
 $ rice_inc        : int  30 100 100 100 100 100 100 100 100 100 ...
 $ ricearea_2010   : num  15 20 10 2 10 22 19 70 21 150 ...
 $ insurance_repay : Factor w/ 2 levels "0","1": 2 2 1 1 2 2 1 2 1 2 ...
 $ insurance_buy   : Factor w/ 2 levels "0","1": 2 1 1 2 1 1 1 2 2 2 ...
 $ disaster_prob   : num  20 50 50 20 40 10 50 50 20 20 ...
 $ general_trust   : Factor w/ 2 levels "0","1": 2 2 2 2 2 2 2 1 2 1 ...
 $ male            : Factor w/ 2 levels "0","1": 2 2 2 2 2 2 1 2 2 2 ...
 $ default         : Factor w/ 2 levels "0","1": 2 2 2 2 2 2 2 2 2 2 ...
 $ delay           : Factor w/ 2 levels "0","1": 1 1 1 1 1 1 1 1 1 1 ...
 $ intensive       : Factor w/ 2 levels "0","1": 1 1 2 2 1 2 1 1 2 1 ...
 $ info_takeup_rate: Factor w/ 2 levels "0","1": 1 1 1 1 1 1 1 1 1 1 ...
 $ info_takeup_list: Factor w/ 2 levels "0","1": 1 1 1 1 1 1 1 1 1 1 ...
 $ info_none       : Factor w/ 2 levels "0","1": 2 2 2 2 2 2 2 2 2 2 ...
 $ understanding   : num  0.4 0.2 0.8 0 0.6 ...
 $ day             : num  30 30 30 30 30 30 30 30 30 30 ...
 $ risk_averse     : num  0 0 0 0 0 ...
 $ literacy        : Factor w/ 2 levels "0","1": 1 2 2 2 2 2 1 2 2 2 ...
 $ educ_good       : Factor w/ 2 levels "0","1": 1 2 1 1 1 2 1 2 2 1 ...
 $ disaster_yes    : Factor w/ 2 levels "0","1": 2 2 1 2 2 2 2 2 2 2 ...
 $ address         : Factor w/ 173 levels "2","3","4","6",..: 1 1 1 1 1 1 1 1 1 1 ...
 $ village         : Factor w/ 47 levels "1","2","3","4",..: 1 1 1 1 1 1 1 1 1 1 ...
>>> Error running script:
只有负下标里才能有零
>>> Running script: ECON 124 Empirical Project first try.r ...
>>> Error running script:
University_SET_data.Rdata not found in project directory. Please move it here.
>>> Pipeline execution finished. Check 'output/' directory for results.
